[debug] [2021-01-20T12:05:46.190Z] ----------------------------------------------------------------------
[debug] [2021-01-20T12:05:46.192Z] Command:       /usr/local/bin/node /usr/local/bin/firebase init
[debug] [2021-01-20T12:05:46.192Z] CLI Version:   9.2.1
[debug] [2021-01-20T12:05:46.193Z] Platform:      darwin
[debug] [2021-01-20T12:05:46.193Z] Node Version:  v12.19.0
[debug] [2021-01-20T12:05:46.193Z] Time:          Wed Jan 20 2021 17:05:46 GMT+0500 (Pakistan Standard Time)
[debug] [2021-01-20T12:05:46.194Z] ----------------------------------------------------------------------
[debug] [2021-01-20T12:05:46.194Z] 
[debug] [2021-01-20T12:05:46.197Z] > command requires scopes: ["email","openid","https://www.googleapis.com/auth/cloudplatformprojects.readonly","https://www.googleapis.com/auth/firebase","https://www.googleapis.com/auth/cloud-platform"]
[debug] [2021-01-20T12:05:46.198Z] > authorizing via signed-in user
[info] 
     ######## #### ########  ######## ########     ###     ######  ########
     ##        ##  ##     ## ##       ##     ##  ##   ##  ##       ##
     ######    ##  ########  ######   ########  #########  ######  ######
     ##        ##  ##    ##  ##       ##     ## ##     ##       ## ##
     ##       #### ##     ## ######## ########  ##     ##  ######  ########

You're about to initialize a Firebase project in this directory:

  /Users/goldeveloper1/portfoliozain/developerFolio

[info] 
=== Project Setup
[info] 
[info] First, let's associate this project directory with a Firebase project.
[info] You can create multiple project aliases by running firebase use --add, 
[info] but for now we'll just set up a default project.
[info] 
[debug] [2021-01-20T12:05:52.512Z] >>> [apiv2][query] GET https://firebase.googleapis.com/v1beta1/projects pageSize=100
[debug] [2021-01-20T12:05:53.699Z] <<< [apiv2][status] GET https://firebase.googleapis.com/v1beta1/projects 200
[debug] [2021-01-20T12:05:53.699Z] <<< [apiv2][body] GET https://firebase.googleapis.com/v1beta1/projects [omitted]
[info] i  Using project zainulabedin-6234 (zainulabedin-6234) 
[info] 
=== Hosting Setup
[info] 
[info] Your public directory is the folder (relative to your project directory) that
[info] will contain Hosting assets to be uploaded with firebase deploy. If you
[info] have a build process for your assets, use your build's output directory.
[info] 
[debug] [2021-01-20T12:06:18.280Z] >>> [apiv2][query] GET https://www.gstatic.com/firebasejs/releases.json [none]
[debug] [2021-01-20T12:06:18.708Z] <<< [apiv2][status] GET https://www.gstatic.com/firebasejs/releases.json 200
[debug] [2021-01-20T12:06:18.708Z] <<< [apiv2][body] GET https://www.gstatic.com/firebasejs/releases.json {"current":{"version":"8.2.3","browserURL":"https://www.gstatic.com/firebasejs/8.2.3/firebase.js","packageURL":"https://www.gstatic.com/firebasejs/8.2.3/firebase.tgz"},"live":{"version":"8.2","browserURL":"https://www.gstatic.com/firebasejs/live/8.2/firebase.js","packageURL":"https://www.gstatic.com/firebasejs/live/8.2/firebase.tgz"},"components":{"analytics":"https://www.gstatic.com/firebasejs/8.2.3/firebase-analytics.js","app":"https://www.gstatic.com/firebasejs/8.2.3/firebase-app.js","auth":"https://www.gstatic.com/firebasejs/8.2.3/firebase-auth.js","database":"https://www.gstatic.com/firebasejs/8.2.3/firebase-database.js","firestore":"https://www.gstatic.com/firebasejs/8.2.3/firebase-firestore.js","functions":"https://www.gstatic.com/firebasejs/8.2.3/firebase-functions.js","installations":"https://www.gstatic.com/firebasejs/8.2.3/firebase-installations.js","messaging":"https://www.gstatic.com/firebasejs/8.2.3/firebase-messaging.js","storage":"https://www.gstatic.com/firebasejs/8.2.3/firebase-storage.js","performance":"https://www.gstatic.com/firebasejs/8.2.3/firebase-performance.js","remote-config":"https://www.gstatic.com/firebasejs/8.2.3/firebase-remote-config.js","firestore.memory":"https://www.gstatic.com/firebasejs/8.2.3/firebase-firestore.memory.js"}}
[info] ✔  Wrote public/index.html 
[info] 
[info] i  Detected a .git folder at /Users/goldeveloper1/portfoliozain/developerFolio 
[info] i  Authorizing with GitHub to upload your service account to a GitHub repository's secrets store. 
[info] 
[info] Visit this URL on this device to log in:
[info] https://github.com/login/oauth/authorize?client_id=89cf50f02ac6aaed3484&state=1049385278&redirect_uri=http%3A%2F%2Flocalhost%3A9005&scope=read%3Auser%20repo%20public_repo
[info] 
[info] Waiting for authentication...
[debug] [2021-01-20T12:09:18.582Z] ----------------------------------------------------------------------
[debug] [2021-01-20T12:09:18.584Z] Command:       /usr/local/bin/node /usr/local/bin/firebase init
[debug] [2021-01-20T12:09:18.584Z] CLI Version:   9.2.1
[debug] [2021-01-20T12:09:18.584Z] Platform:      darwin
[debug] [2021-01-20T12:09:18.584Z] Node Version:  v12.19.0
[debug] [2021-01-20T12:09:18.585Z] Time:          Wed Jan 20 2021 17:09:18 GMT+0500 (Pakistan Standard Time)
[debug] [2021-01-20T12:09:18.585Z] ----------------------------------------------------------------------
[debug] [2021-01-20T12:09:18.585Z] 
[debug] [2021-01-20T12:09:18.589Z] > command requires scopes: ["email","openid","https://www.googleapis.com/auth/cloudplatformprojects.readonly","https://www.googleapis.com/auth/firebase","https://www.googleapis.com/auth/cloud-platform"]
[debug] [2021-01-20T12:09:18.589Z] > authorizing via signed-in user
[info] 
     ######## #### ########  ######## ########     ###     ######  ########
     ##        ##  ##     ## ##       ##     ##  ##   ##  ##       ##
     ######    ##  ########  ######   ########  #########  ######  ######
     ##        ##  ##    ##  ##       ##     ## ##     ##       ## ##
     ##       #### ##     ## ######## ########  ##     ##  ######  ########

You're about to initialize a Firebase project in this directory:

  /Users/goldeveloper1/portfoliozain/developerFolio

[info] 
=== Project Setup
[info] 
[info] First, let's associate this project directory with a Firebase project.
[info] You can create multiple project aliases by running firebase use --add, 
[info] but for now we'll just set up a default project.
[info] 
[debug] [2021-01-20T12:10:00.827Z] TypeError: Cannot read property 'setRawMode' of null
    at ReadStream.setRawMode (tty.js:75:28)
    at Interface._setRawMode (readline.js:290:16)
    at Interface.close (readline.js:413:10)
    at ReadStream.ontermend (readline.js:201:10)
    at ReadStream.emit (events.js:326:22)
    at ReadStream.EventEmitter.emit (domain.js:483:12)
    at endReadableNT (_stream_readable.js:1223:12)
    at processTicksAndRejections (internal/process/task_queues.js:84:21)
